0 info it worked if it ends with ok
1 verbose cli [ 'D:\\Nodejs\\node.exe',
1 verbose cli   'D:\\Nodejs\\node_modules\\npm\\bin\\npm-cli.js',
1 verbose cli   'run',
1 verbose cli   'selenium' ]
2 info using npm@3.10.10
3 info using node@v7.2.1
4 verbose run-script [ 'preselenium', 'selenium', 'postselenium' ]
5 info lifecycle Idea@1.0.0~preselenium: Idea@1.0.0
6 silly lifecycle Idea@1.0.0~preselenium: no script for preselenium, continuing
7 info lifecycle Idea@1.0.0~selenium: Idea@1.0.0
8 verbose lifecycle Idea@1.0.0~selenium: unsafe-perm in lifecycle true
9 verbose lifecycle Idea@1.0.0~selenium: PATH: D:\Nodejs\node_modules\npm\bin\node-gyp-bin;C:\Users\Lasi\Desktop\NODEJS\NodeJsTeamWork\node_modules\.bin;C:\ProgramData\Oracle\Java\javapath;C:\Program Files (x86)\Intel\iCLS Client\;C:\Program Files\Intel\iCLS Client\;C:\Windows\system32;C:\Windows;C:\Windows\System32\Wbem;C:\Windows\System32\WindowsPowerShell\v1.0\;C:\Program Files\Intel\Intel(R) Management Engine Components\DAL;C:\Program Files (x86)\Intel\Intel(R) Management Engine Components\DAL;C:\Program Files\Intel\Intel(R) Management Engine Components\IPT;C:\Program Files (x86)\Intel\Intel(R) Management Engine Components\IPT;C:\Program Files\Intel\WiFi\bin\;C:\Program Files\Common Files\Intel\WirelessCommon\;C:\Program Files (x86)\ATI Technologies\ATI.ACE\Core-Static;C:\Users\Lasi\.dnx\bin;C:\Program Files\Microsoft DNX\Dnvm\;C:\Program Files\Microsoft SQL Server\120\Tools\Binn\;C:\Program Files\Microsoft SQL Server\130\Tools\Binn\;D:\Nodejs\;D:\Brackets\command;C:\Program Files\Git\cmd;C:\Program Files (x86)\NoteBook FanControl\;C:\Program Files (x86)\Skype\Phone\;C:\Program Files\Microsoft SQL Server\Client SDK\ODBC\130\Tools\Binn\;C:\Program Files (x86)\Microsoft SQL Server\130\Tools\Binn\;C:\Program Files\Microsoft SQL Server\130\DTS\Binn\;C:\Program Files (x86)\Microsoft SQL Server\Client SDK\ODBC\130\Tools\Binn\;C:\Program Files (x86)\Microsoft SQL Server\140\Tools\Binn\;C:\Program Files (x86)\Microsoft SQL Server\140\DTS\Binn\;C:\Program Files (x86)\Microsoft SQL Server\140\Tools\Binn\ManagementStudio\;C:\Program Files (x86)\Windows Kits\10\Windows Performance Toolkit\;C:\Program Files\TortoiseGit\bin;C:\Program Files\MongoDB\Server\3.4\bin;C:\Users\Lasi\AppData\Local\Yarn\bin;D:\Microsoft VS Code\bin;C:\Users\Lasi\AppData\Roaming\npm\node_modules\yarn\bin
10 verbose lifecycle Idea@1.0.0~selenium: CWD: C:\Users\Lasi\Desktop\NODEJS\NodeJsTeamWork
11 silly lifecycle Idea@1.0.0~selenium: Args: [ '/d /s /c', 'gulp tests:browser' ]
12 silly lifecycle Idea@1.0.0~selenium: Returned: code: 1  signal: null
13 info lifecycle Idea@1.0.0~selenium: Failed to exec selenium script
14 verbose stack Error: Idea@1.0.0 selenium: `gulp tests:browser`
14 verbose stack Exit status 1
14 verbose stack     at EventEmitter.<anonymous> (D:\Nodejs\node_modules\npm\lib\utils\lifecycle.js:255:16)
14 verbose stack     at emitTwo (events.js:106:13)
14 verbose stack     at EventEmitter.emit (events.js:191:7)
14 verbose stack     at ChildProcess.<anonymous> (D:\Nodejs\node_modules\npm\lib\utils\spawn.js:40:14)
14 verbose stack     at emitTwo (events.js:106:13)
14 verbose stack     at ChildProcess.emit (events.js:191:7)
14 verbose stack     at maybeClose (internal/child_process.js:885:16)
14 verbose stack     at Process.ChildProcess._handle.onexit (internal/child_process.js:226:5)
15 verbose pkgid Idea@1.0.0
16 verbose cwd C:\Users\Lasi\Desktop\NODEJS\NodeJsTeamWork
17 error Windows_NT 6.3.9600
18 error argv "D:\\Nodejs\\node.exe" "D:\\Nodejs\\node_modules\\npm\\bin\\npm-cli.js" "run" "selenium"
19 error node v7.2.1
20 error npm  v3.10.10
21 error code ELIFECYCLE
22 error Idea@1.0.0 selenium: `gulp tests:browser`
22 error Exit status 1
23 error Failed at the Idea@1.0.0 selenium script 'gulp tests:browser'.
23 error Make sure you have the latest version of node.js and npm installed.
23 error If you do, this is most likely a problem with the Idea package,
23 error not with npm itself.
23 error Tell the author that this fails on your system:
23 error     gulp tests:browser
23 error You can get information on how to open an issue for this project with:
23 error     npm bugs Idea
23 error Or if that isn't available, you can get their info via:
23 error     npm owner ls Idea
23 error There is likely additional logging output above.
24 verbose exit [ 1, true ]
